2023-03-29 15:00:17,008 DEBUG [HikariPool-1 housekeeper][HikariPool.java:421] - HikariPool-1 - Pool stats (total=10, active=0, idle=10, waiting=0)
2023-03-29 15:00:17,008 DEBUG [HikariPool-1 housekeeper][HikariPool.java:421] - HikariPool-1 - Pool stats (total=10, active=0, idle=10, waiting=0)
2023-03-29 15:00:17,011 DEBUG [HikariPool-1 housekeeper][HikariPool.java:517] - HikariPool-1 - Fill pool skipped, pool is at sufficient level.
2023-03-29 15:00:17,011 DEBUG [HikariPool-1 housekeeper][HikariPool.java:517] - HikariPool-1 - Fill pool skipped, pool is at sufficient level.
2023-03-29 15:00:31,776 DEBUG [HikariPool-1 housekeeper][HikariPool.java:421] - HikariPool-1 - Pool stats (total=10, active=0, idle=10, waiting=0)
2023-03-29 15:00:31,776 DEBUG [HikariPool-1 housekeeper][HikariPool.java:421] - HikariPool-1 - Pool stats (total=10, active=0, idle=10, waiting=0)
2023-03-29 15:00:31,776 DEBUG [HikariPool-1 housekeeper][HikariPool.java:517] - HikariPool-1 - Fill pool skipped, pool is at sufficient level.
2023-03-29 15:00:31,776 DEBUG [HikariPool-1 housekeeper][HikariPool.java:517] - HikariPool-1 - Fill pool skipped, pool is at sufficient level.
2023-03-29 15:00:42,478 DEBUG [http-nio-63040-exec-3][LogFormatUtils.java:91] - POST "/content/course", parameters={}
2023-03-29 15:00:42,478 DEBUG [http-nio-63040-exec-3][LogFormatUtils.java:91] - POST "/content/course", parameters={}
2023-03-29 15:00:42,478 DEBUG [http-nio-63040-exec-3][AbstractHandlerMapping.java:415] - Mapped to com.xuecheng.content.api.CourseBaseInfoController#createCourseBase(AddCourseDto)
2023-03-29 15:00:42,478 DEBUG [http-nio-63040-exec-3][AbstractHandlerMapping.java:415] - Mapped to com.xuecheng.content.api.CourseBaseInfoController#createCourseBase(AddCourseDto)
2023-03-29 15:00:42,479 DEBUG [http-nio-63040-exec-3][LogFormatUtils.java:91] - Read "application/json;charset=UTF-8" to [AddCourseDto(name=java网络协议课程, users=适用人群适用人群适用人群, tags=java, mt=1-3, st=1-3-2, grade=204002, teachmo (truncated)...]
2023-03-29 15:00:42,479 DEBUG [http-nio-63040-exec-3][LogFormatUtils.java:91] - Read "application/json;charset=UTF-8" to [AddCourseDto(name=java网络协议课程, users=适用人群适用人群适用人群, tags=java, mt=1-3, st=1-3-2, grade=204002, teachmo (truncated)...]
2023-03-29 15:00:42,480 DEBUG [http-nio-63040-exec-3][AbstractPlatformTransactionManager.java:370] - Creating new transaction with name [com.xuecheng.content.service.impl.CourseBaseInfoServiceImpl.createCourseBase]: PROPAGATION_REQUIRED,ISOLATION_DEFAULT
2023-03-29 15:00:42,480 DEBUG [http-nio-63040-exec-3][AbstractPlatformTransactionManager.java:370] - Creating new transaction with name [com.xuecheng.content.service.impl.CourseBaseInfoServiceImpl.createCourseBase]: PROPAGATION_REQUIRED,ISOLATION_DEFAULT
2023-03-29 15:00:42,486 DEBUG [http-nio-63040-exec-3][DataSourceTransactionManager.java:263] - Acquired Connection [HikariProxyConnection@1082894347 wrapping com.mysql.cj.jdbc.ConnectionImpl@3d56c1d4] for JDBC transaction
2023-03-29 15:00:42,486 DEBUG [http-nio-63040-exec-3][DataSourceTransactionManager.java:263] - Acquired Connection [HikariProxyConnection@1082894347 wrapping com.mysql.cj.jdbc.ConnectionImpl@3d56c1d4] for JDBC transaction
2023-03-29 15:00:42,487 DEBUG [http-nio-63040-exec-3][DataSourceTransactionManager.java:281] - Switching JDBC Connection [HikariProxyConnection@1082894347 wrapping com.mysql.cj.jdbc.ConnectionImpl@3d56c1d4] to manual commit
2023-03-29 15:00:42,487 DEBUG [http-nio-63040-exec-3][DataSourceTransactionManager.java:281] - Switching JDBC Connection [HikariProxyConnection@1082894347 wrapping com.mysql.cj.jdbc.ConnectionImpl@3d56c1d4] to manual commit
2023-03-29 15:00:42,488 DEBUG [http-nio-63040-exec-3][Logger.java:49] - Creating a new SqlSession
2023-03-29 15:00:42,488 DEBUG [http-nio-63040-exec-3][Logger.java:49] - Creating a new SqlSession
2023-03-29 15:00:42,489 DEBUG [http-nio-63040-exec-3][Logger.java:49] - Registering transaction synchronization for SqlSession [org.apache.ibatis.session.defaults.DefaultSqlSession@7540ae3a]
2023-03-29 15:00:42,489 DEBUG [http-nio-63040-exec-3][Logger.java:49] - Registering transaction synchronization for SqlSession [org.apache.ibatis.session.defaults.DefaultSqlSession@7540ae3a]
2023-03-29 15:00:42,489 DEBUG [http-nio-63040-exec-3][Logger.java:49] - JDBC Connection [HikariProxyConnection@1082894347 wrapping com.mysql.cj.jdbc.ConnectionImpl@3d56c1d4] will be managed by Spring
2023-03-29 15:00:42,489 DEBUG [http-nio-63040-exec-3][Logger.java:49] - JDBC Connection [HikariProxyConnection@1082894347 wrapping com.mysql.cj.jdbc.ConnectionImpl@3d56c1d4] will be managed by Spring
2023-03-29 15:00:42,490 DEBUG [http-nio-63040-exec-3][BaseJdbcLogger.java:137] - ==>  Preparing: INSERT INTO course_base ( company_id, name, users, tags, mt, st, grade, teachmode, description, pic, create_date, change_date, audit_status, status ) VALUES ( ?, ?, ?, ?, ?, ?, ?, ?, ?, ?, ?, ?, ?, ? )
2023-03-29 15:00:42,490 DEBUG [http-nio-63040-exec-3][BaseJdbcLogger.java:137] - ==>  Preparing: INSERT INTO course_base ( company_id, name, users, tags, mt, st, grade, teachmode, description, pic, create_date, change_date, audit_status, status ) VALUES ( ?, ?, ?, ?, ?, ?, ?, ?, ?, ?, ?, ?, ?, ? )
2023-03-29 15:00:42,490 DEBUG [http-nio-63040-exec-3][BaseJdbcLogger.java:137] - ==> Parameters: 1232141425(Long), java网络协议课程(String), 适用人群适用人群适用人群(String), java(String), 1-3(String), 1-3-2(String), 204002(String), 200002(String), java网络协议课程java网络协议课程java网络协议课程(String), (String), 2023-03-29T15:00:42.488(LocalDateTime), null, 202002(String), 203001(String)
2023-03-29 15:00:42,490 DEBUG [http-nio-63040-exec-3][BaseJdbcLogger.java:137] - ==> Parameters: 1232141425(Long), java网络协议课程(String), 适用人群适用人群适用人群(String), java(String), 1-3(String), 1-3-2(String), 204002(String), 200002(String), java网络协议课程java网络协议课程java网络协议课程(String), (String), 2023-03-29T15:00:42.488(LocalDateTime), null, 202002(String), 203001(String)
2023-03-29 15:00:42,492 DEBUG [http-nio-63040-exec-3][BaseJdbcLogger.java:137] - <==    Updates: 1
2023-03-29 15:00:42,492 DEBUG [http-nio-63040-exec-3][BaseJdbcLogger.java:137] - <==    Updates: 1
2023-03-29 15:00:42,493 DEBUG [http-nio-63040-exec-3][Logger.java:49] - Releasing transactional SqlSession [org.apache.ibatis.session.defaults.DefaultSqlSession@7540ae3a]
2023-03-29 15:00:42,493 DEBUG [http-nio-63040-exec-3][Logger.java:49] - Releasing transactional SqlSession [org.apache.ibatis.session.defaults.DefaultSqlSession@7540ae3a]
2023-03-29 15:00:42,493 DEBUG [http-nio-63040-exec-3][Logger.java:49] - Fetched SqlSession [org.apache.ibatis.session.defaults.DefaultSqlSession@7540ae3a] from current transaction
2023-03-29 15:00:42,493 DEBUG [http-nio-63040-exec-3][Logger.java:49] - Fetched SqlSession [org.apache.ibatis.session.defaults.DefaultSqlSession@7540ae3a] from current transaction
2023-03-29 15:00:42,494 DEBUG [http-nio-63040-exec-3][BaseJdbcLogger.java:137] - ==>  Preparing: SELECT id,charge,price,original_price,qq,wechat,phone,valid_days FROM course_market WHERE id=?
2023-03-29 15:00:42,494 DEBUG [http-nio-63040-exec-3][BaseJdbcLogger.java:137] - ==>  Preparing: SELECT id,charge,price,original_price,qq,wechat,phone,valid_days FROM course_market WHERE id=?
2023-03-29 15:00:42,494 DEBUG [http-nio-63040-exec-3][BaseJdbcLogger.java:137] - ==> Parameters: 124(Long)
2023-03-29 15:00:42,494 DEBUG [http-nio-63040-exec-3][BaseJdbcLogger.java:137] - ==> Parameters: 124(Long)
2023-03-29 15:00:42,496 DEBUG [http-nio-63040-exec-3][BaseJdbcLogger.java:137] - <==      Total: 0
2023-03-29 15:00:42,496 DEBUG [http-nio-63040-exec-3][BaseJdbcLogger.java:137] - <==      Total: 0
2023-03-29 15:00:42,496 DEBUG [http-nio-63040-exec-3][Logger.java:49] - Releasing transactional SqlSession [org.apache.ibatis.session.defaults.DefaultSqlSession@7540ae3a]
2023-03-29 15:00:42,496 DEBUG [http-nio-63040-exec-3][Logger.java:49] - Releasing transactional SqlSession [org.apache.ibatis.session.defaults.DefaultSqlSession@7540ae3a]
2023-03-29 15:00:42,496 DEBUG [http-nio-63040-exec-3][Logger.java:49] - Fetched SqlSession [org.apache.ibatis.session.defaults.DefaultSqlSession@7540ae3a] from current transaction
2023-03-29 15:00:42,496 DEBUG [http-nio-63040-exec-3][Logger.java:49] - Fetched SqlSession [org.apache.ibatis.session.defaults.DefaultSqlSession@7540ae3a] from current transaction
2023-03-29 15:00:42,497 DEBUG [http-nio-63040-exec-3][BaseJdbcLogger.java:137] - ==>  Preparing: INSERT INTO course_market ( id, charge, price, original_price, qq, wechat, phone, valid_days ) VALUES ( ?, ?, ?, ?, ?, ?, ?, ? )
2023-03-29 15:00:42,497 DEBUG [http-nio-63040-exec-3][BaseJdbcLogger.java:137] - ==>  Preparing: INSERT INTO course_market ( id, charge, price, original_price, qq, wechat, phone, valid_days ) VALUES ( ?, ?, ?, ?, ?, ?, ?, ? )
2023-03-29 15:00:42,497 DEBUG [http-nio-63040-exec-3][BaseJdbcLogger.java:137] - ==> Parameters: 124(Long), 201001(String), 1.0(Float), 100.0(Float), 2323(String), 2323(String), 323(String), 365(Integer)
2023-03-29 15:00:42,497 DEBUG [http-nio-63040-exec-3][BaseJdbcLogger.java:137] - ==> Parameters: 124(Long), 201001(String), 1.0(Float), 100.0(Float), 2323(String), 2323(String), 323(String), 365(Integer)
2023-03-29 15:00:42,499 DEBUG [http-nio-63040-exec-3][BaseJdbcLogger.java:137] - <==    Updates: 1
2023-03-29 15:00:42,499 DEBUG [http-nio-63040-exec-3][BaseJdbcLogger.java:137] - <==    Updates: 1
2023-03-29 15:00:42,500 DEBUG [http-nio-63040-exec-3][Logger.java:49] - Releasing transactional SqlSession [org.apache.ibatis.session.defaults.DefaultSqlSession@7540ae3a]
2023-03-29 15:00:42,500 DEBUG [http-nio-63040-exec-3][Logger.java:49] - Releasing transactional SqlSession [org.apache.ibatis.session.defaults.DefaultSqlSession@7540ae3a]
2023-03-29 15:00:42,500 DEBUG [http-nio-63040-exec-3][Logger.java:49] - Fetched SqlSession [org.apache.ibatis.session.defaults.DefaultSqlSession@7540ae3a] from current transaction
2023-03-29 15:00:42,500 DEBUG [http-nio-63040-exec-3][Logger.java:49] - Fetched SqlSession [org.apache.ibatis.session.defaults.DefaultSqlSession@7540ae3a] from current transaction
2023-03-29 15:00:42,500 DEBUG [http-nio-63040-exec-3][BaseJdbcLogger.java:137] - ==>  Preparing: SELECT id,company_id,company_name,name,users,tags,mt,st,grade,teachmode,description,pic,create_date,change_date,create_people,change_people,audit_status,status FROM course_base WHERE id=?
2023-03-29 15:00:42,500 DEBUG [http-nio-63040-exec-3][BaseJdbcLogger.java:137] - ==>  Preparing: SELECT id,company_id,company_name,name,users,tags,mt,st,grade,teachmode,description,pic,create_date,change_date,create_people,change_people,audit_status,status FROM course_base WHERE id=?
2023-03-29 15:00:42,501 DEBUG [http-nio-63040-exec-3][BaseJdbcLogger.java:137] - ==> Parameters: 124(Long)
2023-03-29 15:00:42,501 DEBUG [http-nio-63040-exec-3][BaseJdbcLogger.java:137] - ==> Parameters: 124(Long)
2023-03-29 15:00:42,506 DEBUG [http-nio-63040-exec-3][BaseJdbcLogger.java:137] - <==      Total: 1
2023-03-29 15:00:42,506 DEBUG [http-nio-63040-exec-3][BaseJdbcLogger.java:137] - <==      Total: 1
2023-03-29 15:00:42,507 DEBUG [http-nio-63040-exec-3][Logger.java:49] - Releasing transactional SqlSession [org.apache.ibatis.session.defaults.DefaultSqlSession@7540ae3a]
2023-03-29 15:00:42,507 DEBUG [http-nio-63040-exec-3][Logger.java:49] - Releasing transactional SqlSession [org.apache.ibatis.session.defaults.DefaultSqlSession@7540ae3a]
2023-03-29 15:00:42,507 DEBUG [http-nio-63040-exec-3][Logger.java:49] - Fetched SqlSession [org.apache.ibatis.session.defaults.DefaultSqlSession@7540ae3a] from current transaction
2023-03-29 15:00:42,507 DEBUG [http-nio-63040-exec-3][Logger.java:49] - Fetched SqlSession [org.apache.ibatis.session.defaults.DefaultSqlSession@7540ae3a] from current transaction
2023-03-29 15:00:42,508 DEBUG [http-nio-63040-exec-3][BaseJdbcLogger.java:137] - ==>  Preparing: SELECT id,charge,price,original_price,qq,wechat,phone,valid_days FROM course_market WHERE id=?
2023-03-29 15:00:42,508 DEBUG [http-nio-63040-exec-3][BaseJdbcLogger.java:137] - ==>  Preparing: SELECT id,charge,price,original_price,qq,wechat,phone,valid_days FROM course_market WHERE id=?
2023-03-29 15:00:42,508 DEBUG [http-nio-63040-exec-3][BaseJdbcLogger.java:137] - ==> Parameters: 124(Long)
2023-03-29 15:00:42,508 DEBUG [http-nio-63040-exec-3][BaseJdbcLogger.java:137] - ==> Parameters: 124(Long)
2023-03-29 15:00:42,510 DEBUG [http-nio-63040-exec-3][BaseJdbcLogger.java:137] - <==      Total: 1
2023-03-29 15:00:42,510 DEBUG [http-nio-63040-exec-3][BaseJdbcLogger.java:137] - <==      Total: 1
2023-03-29 15:00:42,510 DEBUG [http-nio-63040-exec-3][Logger.java:49] - Releasing transactional SqlSession [org.apache.ibatis.session.defaults.DefaultSqlSession@7540ae3a]
2023-03-29 15:00:42,510 DEBUG [http-nio-63040-exec-3][Logger.java:49] - Releasing transactional SqlSession [org.apache.ibatis.session.defaults.DefaultSqlSession@7540ae3a]
2023-03-29 15:00:42,510 DEBUG [http-nio-63040-exec-3][Logger.java:49] - Fetched SqlSession [org.apache.ibatis.session.defaults.DefaultSqlSession@7540ae3a] from current transaction
2023-03-29 15:00:42,510 DEBUG [http-nio-63040-exec-3][Logger.java:49] - Fetched SqlSession [org.apache.ibatis.session.defaults.DefaultSqlSession@7540ae3a] from current transaction
2023-03-29 15:00:42,511 DEBUG [http-nio-63040-exec-3][BaseJdbcLogger.java:137] - ==>  Preparing: SELECT id,name,label,parentid,is_show,orderby,is_leaf FROM course_category WHERE id=?
2023-03-29 15:00:42,511 DEBUG [http-nio-63040-exec-3][BaseJdbcLogger.java:137] - ==>  Preparing: SELECT id,name,label,parentid,is_show,orderby,is_leaf FROM course_category WHERE id=?
2023-03-29 15:00:42,511 DEBUG [http-nio-63040-exec-3][BaseJdbcLogger.java:137] - ==> Parameters: 1-3-2(String)
2023-03-29 15:00:42,511 DEBUG [http-nio-63040-exec-3][BaseJdbcLogger.java:137] - ==> Parameters: 1-3-2(String)
2023-03-29 15:00:42,513 DEBUG [http-nio-63040-exec-3][BaseJdbcLogger.java:137] - <==      Total: 1
2023-03-29 15:00:42,513 DEBUG [http-nio-63040-exec-3][BaseJdbcLogger.java:137] - <==      Total: 1
2023-03-29 15:00:42,513 DEBUG [http-nio-63040-exec-3][Logger.java:49] - Releasing transactional SqlSession [org.apache.ibatis.session.defaults.DefaultSqlSession@7540ae3a]
2023-03-29 15:00:42,513 DEBUG [http-nio-63040-exec-3][Logger.java:49] - Releasing transactional SqlSession [org.apache.ibatis.session.defaults.DefaultSqlSession@7540ae3a]
2023-03-29 15:00:42,513 DEBUG [http-nio-63040-exec-3][Logger.java:49] - Fetched SqlSession [org.apache.ibatis.session.defaults.DefaultSqlSession@7540ae3a] from current transaction
2023-03-29 15:00:42,513 DEBUG [http-nio-63040-exec-3][Logger.java:49] - Fetched SqlSession [org.apache.ibatis.session.defaults.DefaultSqlSession@7540ae3a] from current transaction
2023-03-29 15:00:42,513 DEBUG [http-nio-63040-exec-3][BaseJdbcLogger.java:137] - ==>  Preparing: SELECT id,name,label,parentid,is_show,orderby,is_leaf FROM course_category WHERE id=?
2023-03-29 15:00:42,513 DEBUG [http-nio-63040-exec-3][BaseJdbcLogger.java:137] - ==>  Preparing: SELECT id,name,label,parentid,is_show,orderby,is_leaf FROM course_category WHERE id=?
2023-03-29 15:00:42,514 DEBUG [http-nio-63040-exec-3][BaseJdbcLogger.java:137] - ==> Parameters: 1-3(String)
2023-03-29 15:00:42,514 DEBUG [http-nio-63040-exec-3][BaseJdbcLogger.java:137] - ==> Parameters: 1-3(String)
2023-03-29 15:00:42,515 DEBUG [http-nio-63040-exec-3][BaseJdbcLogger.java:137] - <==      Total: 1
2023-03-29 15:00:42,515 DEBUG [http-nio-63040-exec-3][BaseJdbcLogger.java:137] - <==      Total: 1
2023-03-29 15:00:42,515 DEBUG [http-nio-63040-exec-3][Logger.java:49] - Releasing transactional SqlSession [org.apache.ibatis.session.defaults.DefaultSqlSession@7540ae3a]
2023-03-29 15:00:42,515 DEBUG [http-nio-63040-exec-3][Logger.java:49] - Releasing transactional SqlSession [org.apache.ibatis.session.defaults.DefaultSqlSession@7540ae3a]
2023-03-29 15:00:42,516 DEBUG [http-nio-63040-exec-3][Logger.java:49] - Transaction synchronization committing SqlSession [org.apache.ibatis.session.defaults.DefaultSqlSession@7540ae3a]
2023-03-29 15:00:42,516 DEBUG [http-nio-63040-exec-3][Logger.java:49] - Transaction synchronization committing SqlSession [org.apache.ibatis.session.defaults.DefaultSqlSession@7540ae3a]
2023-03-29 15:00:42,516 DEBUG [http-nio-63040-exec-3][Logger.java:49] - Transaction synchronization deregistering SqlSession [org.apache.ibatis.session.defaults.DefaultSqlSession@7540ae3a]
2023-03-29 15:00:42,516 DEBUG [http-nio-63040-exec-3][Logger.java:49] - Transaction synchronization deregistering SqlSession [org.apache.ibatis.session.defaults.DefaultSqlSession@7540ae3a]
2023-03-29 15:00:42,516 DEBUG [http-nio-63040-exec-3][Logger.java:49] - Transaction synchronization closing SqlSession [org.apache.ibatis.session.defaults.DefaultSqlSession@7540ae3a]
2023-03-29 15:00:42,516 DEBUG [http-nio-63040-exec-3][Logger.java:49] - Transaction synchronization closing SqlSession [org.apache.ibatis.session.defaults.DefaultSqlSession@7540ae3a]
2023-03-29 15:00:42,516 DEBUG [http-nio-63040-exec-3][AbstractPlatformTransactionManager.java:740] - Initiating transaction commit
2023-03-29 15:00:42,516 DEBUG [http-nio-63040-exec-3][AbstractPlatformTransactionManager.java:740] - Initiating transaction commit
2023-03-29 15:00:42,516 DEBUG [http-nio-63040-exec-3][DataSourceTransactionManager.java:326] - Committing JDBC transaction on Connection [HikariProxyConnection@1082894347 wrapping com.mysql.cj.jdbc.ConnectionImpl@3d56c1d4]
2023-03-29 15:00:42,516 DEBUG [http-nio-63040-exec-3][DataSourceTransactionManager.java:326] - Committing JDBC transaction on Connection [HikariProxyConnection@1082894347 wrapping com.mysql.cj.jdbc.ConnectionImpl@3d56c1d4]
2023-03-29 15:00:42,559 DEBUG [http-nio-63040-exec-3][DataSourceTransactionManager.java:385] - Releasing JDBC Connection [HikariProxyConnection@1082894347 wrapping com.mysql.cj.jdbc.ConnectionImpl@3d56c1d4] after transaction
2023-03-29 15:00:42,559 DEBUG [http-nio-63040-exec-3][DataSourceTransactionManager.java:385] - Releasing JDBC Connection [HikariProxyConnection@1082894347 wrapping com.mysql.cj.jdbc.ConnectionImpl@3d56c1d4] after transaction
2023-03-29 15:00:42,562 DEBUG [http-nio-63040-exec-3][AbstractMessageConverterMethodProcessor.java:255] - Using 'application/json', given [application/json, text/plain, */*] and supported [application/json, application/*+json, application/json, application/*+json]
2023-03-29 15:00:42,562 DEBUG [http-nio-63040-exec-3][AbstractMessageConverterMethodProcessor.java:255] - Using 'application/json', given [application/json, text/plain, */*] and supported [application/json, application/*+json, application/json, application/*+json]
2023-03-29 15:00:42,563 DEBUG [http-nio-63040-exec-3][LogFormatUtils.java:91] - Writing [CourseBaseInfoDto(charge=201001, price=1.0, originalPrice=100.0, qq=2323, wechat=2323, phone=323, va (truncated)...]
2023-03-29 15:00:42,563 DEBUG [http-nio-63040-exec-3][LogFormatUtils.java:91] - Writing [CourseBaseInfoDto(charge=201001, price=1.0, originalPrice=100.0, qq=2323, wechat=2323, phone=323, va (truncated)...]
2023-03-29 15:00:42,563 DEBUG [http-nio-63040-exec-3][FrameworkServlet.java:1131] - Completed 200 OK
2023-03-29 15:00:42,563 DEBUG [http-nio-63040-exec-3][FrameworkServlet.java:1131] - Completed 200 OK
2023-03-29 15:00:42,733 DEBUG [http-nio-63040-exec-5][LogFormatUtils.java:91] - GET "/content/teachplan/124/tree-nodes", parameters={}
2023-03-29 15:00:42,733 DEBUG [http-nio-63040-exec-5][LogFormatUtils.java:91] - GET "/content/teachplan/124/tree-nodes", parameters={}
2023-03-29 15:00:42,733 DEBUG [http-nio-63040-exec-5][AbstractHandlerMapping.java:415] - Mapped to ResourceHttpRequestHandler ["classpath:/META-INF/resources/", "classpath:/resources/", "classpath:/static/", "classpath:/public/", "/"]
2023-03-29 15:00:42,733 DEBUG [http-nio-63040-exec-5][AbstractHandlerMapping.java:415] - Mapped to ResourceHttpRequestHandler ["classpath:/META-INF/resources/", "classpath:/resources/", "classpath:/static/", "classpath:/public/", "/"]
2023-03-29 15:00:42,735 DEBUG [http-nio-63040-exec-5][ResourceHttpRequestHandler.java:487] - Resource not found
2023-03-29 15:00:42,735 DEBUG [http-nio-63040-exec-5][ResourceHttpRequestHandler.java:487] - Resource not found
2023-03-29 15:00:42,735 DEBUG [http-nio-63040-exec-5][FrameworkServlet.java:1131] - Completed 404 NOT_FOUND
2023-03-29 15:00:42,735 DEBUG [http-nio-63040-exec-5][FrameworkServlet.java:1131] - Completed 404 NOT_FOUND
2023-03-29 15:00:42,736 DEBUG [http-nio-63040-exec-5][LogFormatUtils.java:91] - "ERROR" dispatch for GET "/content/error", parameters={}
2023-03-29 15:00:42,736 DEBUG [http-nio-63040-exec-5][LogFormatUtils.java:91] - "ERROR" dispatch for GET "/content/error", parameters={}
2023-03-29 15:00:42,736 DEBUG [http-nio-63040-exec-5][AbstractHandlerMapping.java:415] - Mapped to org.springframework.boot.autoconfigure.web.servlet.error.BasicErrorController#error(HttpServletRequest)
2023-03-29 15:00:42,736 DEBUG [http-nio-63040-exec-5][AbstractHandlerMapping.java:415] - Mapped to org.springframework.boot.autoconfigure.web.servlet.error.BasicErrorController#error(HttpServletRequest)
2023-03-29 15:00:42,736 DEBUG [http-nio-63040-exec-5][AbstractMessageConverterMethodProcessor.java:255] - Using 'application/json', given [application/json, text/plain, */*] and supported [application/json, application/*+json, application/json, application/*+json]
2023-03-29 15:00:42,736 DEBUG [http-nio-63040-exec-5][AbstractMessageConverterMethodProcessor.java:255] - Using 'application/json', given [application/json, text/plain, */*] and supported [application/json, application/*+json, application/json, application/*+json]
2023-03-29 15:00:42,737 DEBUG [http-nio-63040-exec-5][LogFormatUtils.java:91] - Writing [{timestamp=Wed Mar 29 15:00:42 CST 2023, status=404, error=Not Found, message=, path=/content/teachp (truncated)...]
2023-03-29 15:00:42,737 DEBUG [http-nio-63040-exec-5][LogFormatUtils.java:91] - Writing [{timestamp=Wed Mar 29 15:00:42 CST 2023, status=404, error=Not Found, message=, path=/content/teachp (truncated)...]
2023-03-29 15:00:42,738 DEBUG [http-nio-63040-exec-5][FrameworkServlet.java:1127] - Exiting from "ERROR" dispatch, status 404
2023-03-29 15:00:42,738 DEBUG [http-nio-63040-exec-5][FrameworkServlet.java:1127] - Exiting from "ERROR" dispatch, status 404
2023-03-29 15:00:47,013 DEBUG [HikariPool-1 housekeeper][HikariPool.java:421] - HikariPool-1 - Pool stats (total=10, active=0, idle=10, waiting=0)
2023-03-29 15:00:47,013 DEBUG [HikariPool-1 housekeeper][HikariPool.java:421] - HikariPool-1 - Pool stats (total=10, active=0, idle=10, waiting=0)
2023-03-29 15:00:47,013 DEBUG [HikariPool-1 housekeeper][HikariPool.java:517] - HikariPool-1 - Fill pool skipped, pool is at sufficient level.
2023-03-29 15:00:47,013 DEBUG [HikariPool-1 housekeeper][HikariPool.java:517] - HikariPool-1 - Fill pool skipped, pool is at sufficient level.
2023-03-29 15:00:58,276 DEBUG [http-nio-63040-exec-7][LogFormatUtils.java:91] - POST "/content/course/list?pageNo=1&pageSize=10", parameters={masked}
2023-03-29 15:00:58,276 DEBUG [http-nio-63040-exec-7][LogFormatUtils.java:91] - POST "/content/course/list?pageNo=1&pageSize=10", parameters={masked}
2023-03-29 15:00:58,277 DEBUG [http-nio-63040-exec-7][AbstractHandlerMapping.java:415] - Mapped to com.xuecheng.content.api.CourseBaseInfoController#list(PageParams, QueryCourseParamsDto)
2023-03-29 15:00:58,277 DEBUG [http-nio-63040-exec-7][AbstractHandlerMapping.java:415] - Mapped to com.xuecheng.content.api.CourseBaseInfoController#list(PageParams, QueryCourseParamsDto)
2023-03-29 15:00:58,289 DEBUG [http-nio-63040-exec-7][LogFormatUtils.java:91] - Read "application/json;charset=UTF-8" to [QueryCourseParamsDto(auditStatus=, courseName=, publishStatus=null)]
2023-03-29 15:00:58,289 DEBUG [http-nio-63040-exec-7][LogFormatUtils.java:91] - Read "application/json;charset=UTF-8" to [QueryCourseParamsDto(auditStatus=, courseName=, publishStatus=null)]
2023-03-29 15:00:58,302 DEBUG [http-nio-63040-exec-7][Logger.java:49] - Creating a new SqlSession
2023-03-29 15:00:58,302 DEBUG [http-nio-63040-exec-7][Logger.java:49] - Creating a new SqlSession
2023-03-29 15:00:58,303 DEBUG [http-nio-63040-exec-7][Logger.java:49] - SqlSession [org.apache.ibatis.session.defaults.DefaultSqlSession@20f98974] was not registered for synchronization because synchronization is not active
2023-03-29 15:00:58,303 DEBUG [http-nio-63040-exec-7][Logger.java:49] - SqlSession [org.apache.ibatis.session.defaults.DefaultSqlSession@20f98974] was not registered for synchronization because synchronization is not active
2023-03-29 15:00:58,346 DEBUG [http-nio-63040-exec-7][DataSourceUtils.java:115] - Fetching JDBC Connection from DataSource
2023-03-29 15:00:58,346 DEBUG [http-nio-63040-exec-7][DataSourceUtils.java:115] - Fetching JDBC Connection from DataSource
2023-03-29 15:00:58,347 DEBUG [http-nio-63040-exec-7][Logger.java:49] - JDBC Connection [HikariProxyConnection@310981489 wrapping com.mysql.cj.jdbc.ConnectionImpl@3d56c1d4] will not be managed by Spring
2023-03-29 15:00:58,347 DEBUG [http-nio-63040-exec-7][Logger.java:49] - JDBC Connection [HikariProxyConnection@310981489 wrapping com.mysql.cj.jdbc.ConnectionImpl@3d56c1d4] will not be managed by Spring
2023-03-29 15:00:58,347 DEBUG [http-nio-63040-exec-7][BaseJdbcLogger.java:137] - ==>  Preparing: SELECT COUNT(*) FROM course_base
2023-03-29 15:00:58,347 DEBUG [http-nio-63040-exec-7][BaseJdbcLogger.java:137] - ==>  Preparing: SELECT COUNT(*) FROM course_base
2023-03-29 15:00:58,347 DEBUG [http-nio-63040-exec-7][BaseJdbcLogger.java:137] - ==> Parameters: 
2023-03-29 15:00:58,347 DEBUG [http-nio-63040-exec-7][BaseJdbcLogger.java:137] - ==> Parameters: 
2023-03-29 15:00:58,349 DEBUG [http-nio-63040-exec-7][BaseJdbcLogger.java:137] - <==      Total: 1
2023-03-29 15:00:58,349 DEBUG [http-nio-63040-exec-7][BaseJdbcLogger.java:137] - <==      Total: 1
2023-03-29 15:00:58,355 DEBUG [http-nio-63040-exec-7][BaseJdbcLogger.java:137] - ==>  Preparing: SELECT id,company_id,company_name,name,users,tags,mt,st,grade,teachmode,description,pic,create_date,change_date,create_people,change_people,audit_status,status FROM course_base LIMIT ?
2023-03-29 15:00:58,355 DEBUG [http-nio-63040-exec-7][BaseJdbcLogger.java:137] - ==>  Preparing: SELECT id,company_id,company_name,name,users,tags,mt,st,grade,teachmode,description,pic,create_date,change_date,create_people,change_people,audit_status,status FROM course_base LIMIT ?
2023-03-29 15:00:58,357 DEBUG [http-nio-63040-exec-7][BaseJdbcLogger.java:137] - ==> Parameters: 10(Long)
2023-03-29 15:00:58,357 DEBUG [http-nio-63040-exec-7][BaseJdbcLogger.java:137] - ==> Parameters: 10(Long)
2023-03-29 15:00:58,361 DEBUG [http-nio-63040-exec-7][BaseJdbcLogger.java:137] - <==      Total: 10
2023-03-29 15:00:58,361 DEBUG [http-nio-63040-exec-7][BaseJdbcLogger.java:137] - <==      Total: 10
2023-03-29 15:00:58,362 DEBUG [http-nio-63040-exec-7][Logger.java:49] - Closing non transactional SqlSession [org.apache.ibatis.session.defaults.DefaultSqlSession@20f98974]
2023-03-29 15:00:58,362 DEBUG [http-nio-63040-exec-7][Logger.java:49] - Closing non transactional SqlSession [org.apache.ibatis.session.defaults.DefaultSqlSession@20f98974]
2023-03-29 15:00:58,364 DEBUG [http-nio-63040-exec-7][AbstractMessageConverterMethodProcessor.java:255] - Using 'application/json', given [application/json, text/plain, */*] and supported [application/json, application/*+json, application/json, application/*+json]
2023-03-29 15:00:58,364 DEBUG [http-nio-63040-exec-7][AbstractMessageConverterMethodProcessor.java:255] - Using 'application/json', given [application/json, text/plain, */*] and supported [application/json, application/*+json, application/json, application/*+json]
2023-03-29 15:00:58,364 DEBUG [http-nio-63040-exec-7][LogFormatUtils.java:91] - Writing [PageResult(items=[CourseBase(id=1, companyId=1232141425, companyName=, name=JAVA8/9/10新特性讲解, users=j (truncated)...]
2023-03-29 15:00:58,364 DEBUG [http-nio-63040-exec-7][LogFormatUtils.java:91] - Writing [PageResult(items=[CourseBase(id=1, companyId=1232141425, companyName=, name=JAVA8/9/10新特性讲解, users=j (truncated)...]
2023-03-29 15:00:58,368 DEBUG [http-nio-63040-exec-7][FrameworkServlet.java:1131] - Completed 200 OK
2023-03-29 15:00:58,368 DEBUG [http-nio-63040-exec-7][FrameworkServlet.java:1131] - Completed 200 OK
2023-03-29 15:00:59,518 DEBUG [http-nio-63040-exec-6][LogFormatUtils.java:91] - POST "/content/course/list?pageNo=1&pageSize=10", parameters={masked}
2023-03-29 15:00:59,518 DEBUG [http-nio-63040-exec-6][LogFormatUtils.java:91] - POST "/content/course/list?pageNo=1&pageSize=10", parameters={masked}
2023-03-29 15:00:59,518 DEBUG [http-nio-63040-exec-6][AbstractHandlerMapping.java:415] - Mapped to com.xuecheng.content.api.CourseBaseInfoController#list(PageParams, QueryCourseParamsDto)
2023-03-29 15:00:59,518 DEBUG [http-nio-63040-exec-6][AbstractHandlerMapping.java:415] - Mapped to com.xuecheng.content.api.CourseBaseInfoController#list(PageParams, QueryCourseParamsDto)
2023-03-29 15:00:59,520 DEBUG [http-nio-63040-exec-6][LogFormatUtils.java:91] - Read "application/json;charset=UTF-8" to [QueryCourseParamsDto(auditStatus=, courseName=java网络协议课程, publishStatus=null)]
2023-03-29 15:00:59,520 DEBUG [http-nio-63040-exec-6][LogFormatUtils.java:91] - Read "application/json;charset=UTF-8" to [QueryCourseParamsDto(auditStatus=, courseName=java网络协议课程, publishStatus=null)]
2023-03-29 15:00:59,522 DEBUG [http-nio-63040-exec-6][Logger.java:49] - Creating a new SqlSession
2023-03-29 15:00:59,522 DEBUG [http-nio-63040-exec-6][Logger.java:49] - Creating a new SqlSession
2023-03-29 15:00:59,523 DEBUG [http-nio-63040-exec-6][Logger.java:49] - SqlSession [org.apache.ibatis.session.defaults.DefaultSqlSession@334bdd5f] was not registered for synchronization because synchronization is not active
2023-03-29 15:00:59,523 DEBUG [http-nio-63040-exec-6][Logger.java:49] - SqlSession [org.apache.ibatis.session.defaults.DefaultSqlSession@334bdd5f] was not registered for synchronization because synchronization is not active
2023-03-29 15:00:59,629 DEBUG [http-nio-63040-exec-6][DataSourceUtils.java:115] - Fetching JDBC Connection from DataSource
2023-03-29 15:00:59,629 DEBUG [http-nio-63040-exec-6][DataSourceUtils.java:115] - Fetching JDBC Connection from DataSource
2023-03-29 15:00:59,630 DEBUG [http-nio-63040-exec-6][Logger.java:49] - JDBC Connection [HikariProxyConnection@1736307827 wrapping com.mysql.cj.jdbc.ConnectionImpl@3d56c1d4] will not be managed by Spring
2023-03-29 15:00:59,630 DEBUG [http-nio-63040-exec-6][Logger.java:49] - JDBC Connection [HikariProxyConnection@1736307827 wrapping com.mysql.cj.jdbc.ConnectionImpl@3d56c1d4] will not be managed by Spring
2023-03-29 15:00:59,630 DEBUG [http-nio-63040-exec-6][BaseJdbcLogger.java:137] - ==>  Preparing: SELECT COUNT(*) FROM course_base WHERE (name LIKE ?)
2023-03-29 15:00:59,630 DEBUG [http-nio-63040-exec-6][BaseJdbcLogger.java:137] - ==>  Preparing: SELECT COUNT(*) FROM course_base WHERE (name LIKE ?)
2023-03-29 15:00:59,631 DEBUG [http-nio-63040-exec-6][BaseJdbcLogger.java:137] - ==> Parameters: %java网络协议课程%(String)
2023-03-29 15:00:59,631 DEBUG [http-nio-63040-exec-6][BaseJdbcLogger.java:137] - ==> Parameters: %java网络协议课程%(String)
2023-03-29 15:00:59,632 DEBUG [http-nio-63040-exec-6][BaseJdbcLogger.java:137] - <==      Total: 1
2023-03-29 15:00:59,632 DEBUG [http-nio-63040-exec-6][BaseJdbcLogger.java:137] - <==      Total: 1
2023-03-29 15:00:59,633 DEBUG [http-nio-63040-exec-6][BaseJdbcLogger.java:137] - ==>  Preparing: SELECT id,company_id,company_name,name,users,tags,mt,st,grade,teachmode,description,pic,create_date,change_date,create_people,change_people,audit_status,status FROM course_base WHERE (name LIKE ?) LIMIT ?
2023-03-29 15:00:59,633 DEBUG [http-nio-63040-exec-6][BaseJdbcLogger.java:137] - ==>  Preparing: SELECT id,company_id,company_name,name,users,tags,mt,st,grade,teachmode,description,pic,create_date,change_date,create_people,change_people,audit_status,status FROM course_base WHERE (name LIKE ?) LIMIT ?
2023-03-29 15:00:59,633 DEBUG [http-nio-63040-exec-6][BaseJdbcLogger.java:137] - ==> Parameters: %java网络协议课程%(String), 10(Long)
2023-03-29 15:00:59,633 DEBUG [http-nio-63040-exec-6][BaseJdbcLogger.java:137] - ==> Parameters: %java网络协议课程%(String), 10(Long)
2023-03-29 15:00:59,635 DEBUG [http-nio-63040-exec-6][BaseJdbcLogger.java:137] - <==      Total: 1
2023-03-29 15:00:59,635 DEBUG [http-nio-63040-exec-6][BaseJdbcLogger.java:137] - <==      Total: 1
2023-03-29 15:00:59,635 DEBUG [http-nio-63040-exec-6][Logger.java:49] - Closing non transactional SqlSession [org.apache.ibatis.session.defaults.DefaultSqlSession@334bdd5f]
2023-03-29 15:00:59,635 DEBUG [http-nio-63040-exec-6][Logger.java:49] - Closing non transactional SqlSession [org.apache.ibatis.session.defaults.DefaultSqlSession@334bdd5f]
2023-03-29 15:00:59,636 DEBUG [http-nio-63040-exec-6][AbstractMessageConverterMethodProcessor.java:255] - Using 'application/json', given [application/json, text/plain, */*] and supported [application/json, application/*+json, application/json, application/*+json]
2023-03-29 15:00:59,636 DEBUG [http-nio-63040-exec-6][AbstractMessageConverterMethodProcessor.java:255] - Using 'application/json', given [application/json, text/plain, */*] and supported [application/json, application/*+json, application/json, application/*+json]
2023-03-29 15:00:59,636 DEBUG [http-nio-63040-exec-6][LogFormatUtils.java:91] - Writing [PageResult(items=[CourseBase(id=124, companyId=1232141425, companyName=null, name=java网络协议课程, users= (truncated)...]
2023-03-29 15:00:59,636 DEBUG [http-nio-63040-exec-6][LogFormatUtils.java:91] - Writing [PageResult(items=[CourseBase(id=124, companyId=1232141425, companyName=null, name=java网络协议课程, users= (truncated)...]
2023-03-29 15:00:59,637 DEBUG [http-nio-63040-exec-6][FrameworkServlet.java:1131] - Completed 200 OK
2023-03-29 15:00:59,637 DEBUG [http-nio-63040-exec-6][FrameworkServlet.java:1131] - Completed 200 OK
2023-03-29 15:01:01,790 DEBUG [HikariPool-1 housekeeper][HikariPool.java:421] - HikariPool-1 - Pool stats (total=10, active=0, idle=10, waiting=0)
2023-03-29 15:01:01,790 DEBUG [HikariPool-1 housekeeper][HikariPool.java:421] - HikariPool-1 - Pool stats (total=10, active=0, idle=10, waiting=0)
2023-03-29 15:01:01,790 DEBUG [HikariPool-1 housekeeper][HikariPool.java:517] - HikariPool-1 - Fill pool skipped, pool is at sufficient level.
2023-03-29 15:01:01,790 DEBUG [HikariPool-1 housekeeper][HikariPool.java:517] - HikariPool-1 - Fill pool skipped, pool is at sufficient level.
2023-03-29 15:01:17,014 DEBUG [HikariPool-1 housekeeper][HikariPool.java:421] - HikariPool-1 - Pool stats (total=10, active=0, idle=10, waiting=0)
2023-03-29 15:01:17,014 DEBUG [HikariPool-1 housekeeper][HikariPool.java:421] - HikariPool-1 - Pool stats (total=10, active=0, idle=10, waiting=0)
2023-03-29 15:01:17,014 DEBUG [HikariPool-1 housekeeper][HikariPool.java:517] - HikariPool-1 - Fill pool skipped, pool is at sufficient level.
2023-03-29 15:01:17,014 DEBUG [HikariPool-1 housekeeper][HikariPool.java:517] - HikariPool-1 - Fill pool skipped, pool is at sufficient level.
2023-03-29 15:01:31,791 DEBUG [HikariPool-1 housekeeper][HikariPool.java:421] - HikariPool-1 - Pool stats (total=10, active=0, idle=10, waiting=0)
2023-03-29 15:01:31,791 DEBUG [HikariPool-1 housekeeper][HikariPool.java:421] - HikariPool-1 - Pool stats (total=10, active=0, idle=10, waiting=0)
2023-03-29 15:01:31,791 DEBUG [HikariPool-1 housekeeper][HikariPool.java:517] - HikariPool-1 - Fill pool skipped, pool is at sufficient level.
2023-03-29 15:01:31,791 DEBUG [HikariPool-1 housekeeper][HikariPool.java:517] - HikariPool-1 - Fill pool skipped, pool is at sufficient level.
2023-03-29 15:01:47,015 DEBUG [HikariPool-1 housekeeper][HikariPool.java:421] - HikariPool-1 - Pool stats (total=10, active=0, idle=10, waiting=0)
2023-03-29 15:01:47,015 DEBUG [HikariPool-1 housekeeper][HikariPool.java:421] - HikariPool-1 - Pool stats (total=10, active=0, idle=10, waiting=0)
2023-03-29 15:01:47,015 DEBUG [HikariPool-1 housekeeper][HikariPool.java:517] - HikariPool-1 - Fill pool skipped, pool is at sufficient level.
2023-03-29 15:01:47,015 DEBUG [HikariPool-1 housekeeper][HikariPool.java:517] - HikariPool-1 - Fill pool skipped, pool is at sufficient level.
2023-03-29 15:02:01,793 DEBUG [HikariPool-1 housekeeper][HikariPool.java:421] - HikariPool-1 - Pool stats (total=10, active=0, idle=10, waiting=0)
2023-03-29 15:02:01,793 DEBUG [HikariPool-1 housekeeper][HikariPool.java:421] - HikariPool-1 - Pool stats (total=10, active=0, idle=10, waiting=0)
2023-03-29 15:02:01,793 DEBUG [HikariPool-1 housekeeper][HikariPool.java:517] - HikariPool-1 - Fill pool skipped, pool is at sufficient level.
2023-03-29 15:02:01,793 DEBUG [HikariPool-1 housekeeper][HikariPool.java:517] - HikariPool-1 - Fill pool skipped, pool is at sufficient level.
2023-03-29 15:02:17,016 DEBUG [HikariPool-1 housekeeper][HikariPool.java:421] - HikariPool-1 - Pool stats (total=10, active=0, idle=10, waiting=0)
2023-03-29 15:02:17,016 DEBUG [HikariPool-1 housekeeper][HikariPool.java:421] - HikariPool-1 - Pool stats (total=10, active=0, idle=10, waiting=0)
2023-03-29 15:02:17,016 DEBUG [HikariPool-1 housekeeper][HikariPool.java:517] - HikariPool-1 - Fill pool skipped, pool is at sufficient level.
2023-03-29 15:02:17,016 DEBUG [HikariPool-1 housekeeper][HikariPool.java:517] - HikariPool-1 - Fill pool skipped, pool is at sufficient level.
2023-03-29 15:02:31,802 DEBUG [HikariPool-1 housekeeper][HikariPool.java:421] - HikariPool-1 - Pool stats (total=10, active=0, idle=10, waiting=0)
2023-03-29 15:02:31,802 DEBUG [HikariPool-1 housekeeper][HikariPool.java:421] - HikariPool-1 - Pool stats (total=10, active=0, idle=10, waiting=0)
2023-03-29 15:02:31,802 DEBUG [HikariPool-1 housekeeper][HikariPool.java:517] - HikariPool-1 - Fill pool skipped, pool is at sufficient level.
2023-03-29 15:02:31,802 DEBUG [HikariPool-1 housekeeper][HikariPool.java:517] - HikariPool-1 - Fill pool skipped, pool is at sufficient level.
2023-03-29 15:02:47,020 DEBUG [HikariPool-1 housekeeper][HikariPool.java:421] - HikariPool-1 - Pool stats (total=10, active=0, idle=10, waiting=0)
2023-03-29 15:02:47,020 DEBUG [HikariPool-1 housekeeper][HikariPool.java:421] - HikariPool-1 - Pool stats (total=10, active=0, idle=10, waiting=0)
2023-03-29 15:02:47,020 DEBUG [HikariPool-1 housekeeper][HikariPool.java:517] - HikariPool-1 - Fill pool skipped, pool is at sufficient level.
2023-03-29 15:02:47,020 DEBUG [HikariPool-1 housekeeper][HikariPool.java:517] - HikariPool-1 - Fill pool skipped, pool is at sufficient level.
2023-03-29 15:03:01,803 DEBUG [HikariPool-1 housekeeper][HikariPool.java:421] - HikariPool-1 - Pool stats (total=10, active=0, idle=10, waiting=0)
2023-03-29 15:03:01,803 DEBUG [HikariPool-1 housekeeper][HikariPool.java:421] - HikariPool-1 - Pool stats (total=10, active=0, idle=10, waiting=0)
2023-03-29 15:03:01,803 DEBUG [HikariPool-1 housekeeper][HikariPool.java:517] - HikariPool-1 - Fill pool skipped, pool is at sufficient level.
2023-03-29 15:03:01,803 DEBUG [HikariPool-1 housekeeper][HikariPool.java:517] - HikariPool-1 - Fill pool skipped, pool is at sufficient level.
2023-03-29 15:03:17,023 DEBUG [HikariPool-1 housekeeper][HikariPool.java:421] - HikariPool-1 - Pool stats (total=10, active=0, idle=10, waiting=0)
2023-03-29 15:03:17,023 DEBUG [HikariPool-1 housekeeper][HikariPool.java:421] - HikariPool-1 - Pool stats (total=10, active=0, idle=10, waiting=0)
2023-03-29 15:03:17,023 DEBUG [HikariPool-1 housekeeper][HikariPool.java:517] - HikariPool-1 - Fill pool skipped, pool is at sufficient level.
2023-03-29 15:03:17,023 DEBUG [HikariPool-1 housekeeper][HikariPool.java:517] - HikariPool-1 - Fill pool skipped, pool is at sufficient level.
2023-03-29 15:03:31,808 DEBUG [HikariPool-1 housekeeper][HikariPool.java:421] - HikariPool-1 - Pool stats (total=10, active=0, idle=10, waiting=0)
2023-03-29 15:03:31,808 DEBUG [HikariPool-1 housekeeper][HikariPool.java:421] - HikariPool-1 - Pool stats (total=10, active=0, idle=10, waiting=0)
2023-03-29 15:03:31,808 DEBUG [HikariPool-1 housekeeper][HikariPool.java:517] - HikariPool-1 - Fill pool skipped, pool is at sufficient level.
2023-03-29 15:03:31,808 DEBUG [HikariPool-1 housekeeper][HikariPool.java:517] - HikariPool-1 - Fill pool skipped, pool is at sufficient level.
2023-03-29 15:03:47,028 DEBUG [HikariPool-1 housekeeper][HikariPool.java:421] - HikariPool-1 - Pool stats (total=10, active=0, idle=10, waiting=0)
2023-03-29 15:03:47,028 DEBUG [HikariPool-1 housekeeper][HikariPool.java:421] - HikariPool-1 - Pool stats (total=10, active=0, idle=10, waiting=0)
2023-03-29 15:03:47,028 DEBUG [HikariPool-1 housekeeper][HikariPool.java:517] - HikariPool-1 - Fill pool skipped, pool is at sufficient level.
2023-03-29 15:03:47,028 DEBUG [HikariPool-1 housekeeper][HikariPool.java:517] - HikariPool-1 - Fill pool skipped, pool is at sufficient level.
2023-03-29 15:04:01,875 DEBUG [HikariPool-1 housekeeper][HikariPool.java:421] - HikariPool-1 - Pool stats (total=10, active=0, idle=10, waiting=0)
2023-03-29 15:04:01,875 DEBUG [HikariPool-1 housekeeper][HikariPool.java:421] - HikariPool-1 - Pool stats (total=10, active=0, idle=10, waiting=0)
2023-03-29 15:04:01,875 DEBUG [HikariPool-1 housekeeper][HikariPool.java:517] - HikariPool-1 - Fill pool skipped, pool is at sufficient level.
2023-03-29 15:04:01,875 DEBUG [HikariPool-1 housekeeper][HikariPool.java:517] - HikariPool-1 - Fill pool skipped, pool is at sufficient level.
2023-03-29 15:04:17,030 DEBUG [HikariPool-1 housekeeper][HikariPool.java:421] - HikariPool-1 - Pool stats (total=10, active=0, idle=10, waiting=0)
2023-03-29 15:04:17,030 DEBUG [HikariPool-1 housekeeper][HikariPool.java:421] - HikariPool-1 - Pool stats (total=10, active=0, idle=10, waiting=0)
2023-03-29 15:04:17,030 DEBUG [HikariPool-1 housekeeper][HikariPool.java:517] - HikariPool-1 - Fill pool skipped, pool is at sufficient level.
2023-03-29 15:04:17,030 DEBUG [HikariPool-1 housekeeper][HikariPool.java:517] - HikariPool-1 - Fill pool skipped, pool is at sufficient level.
2023-03-29 15:04:31,877 DEBUG [HikariPool-1 housekeeper][HikariPool.java:421] - HikariPool-1 - Pool stats (total=10, active=0, idle=10, waiting=0)
2023-03-29 15:04:31,877 DEBUG [HikariPool-1 housekeeper][HikariPool.java:421] - HikariPool-1 - Pool stats (total=10, active=0, idle=10, waiting=0)
2023-03-29 15:04:31,877 DEBUG [HikariPool-1 housekeeper][HikariPool.java:517] - HikariPool-1 - Fill pool skipped, pool is at sufficient level.
2023-03-29 15:04:31,877 DEBUG [HikariPool-1 housekeeper][HikariPool.java:517] - HikariPool-1 - Fill pool skipped, pool is at sufficient level.
